2018-11-30 05:44:10,027 CRIT Supervisor running as root (no user in config file)
2018-11-30 05:44:10,028 INFO Included extra file "/etc/supervisor/conf.d/supervisord.conf" during parsing
2018-11-30 05:44:10,071 INFO RPC interface 'supervisor' initialized
2018-11-30 05:44:10,072 CRIT Server 'unix_http_server' running without any HTTP authentication checking
2018-11-30 05:44:10,075 INFO supervisord started with pid 1
2018-11-30 05:44:11,081 INFO spawned: 'varnishd' with pid 15
2018-11-30 05:44:11,088 INFO spawned: 'php-fpm' with pid 16
2018-11-30 05:44:11,093 INFO spawned: 'varnish-plugins-watcher' with pid 17
2018-11-30 05:44:11,102 INFO spawned: 'nginx' with pid 18
2018-11-30 05:44:11,126 INFO spawned: 'MailHog' with pid 19
2018-11-30 05:44:11,174 INFO spawned: 'mysql' with pid 20
2018-11-30 05:44:11,197 INFO spawned: 'varnish-themes-watcher' with pid 21
2018-11-30 05:44:12,679 INFO success: varnishd entered RUNNING state, process has stayed up for > than 1 seconds (startsecs)
2018-11-30 05:44:12,680 INFO success: php-fpm entered RUNNING state, process has stayed up for > than 1 seconds (startsecs)
2018-11-30 05:44:12,681 INFO success: varnish-plugins-watcher entered RUNNING state, process has stayed up for > than 1 seconds (startsecs)
2018-11-30 05:44:12,681 INFO success: nginx entered RUNNING state, process has stayed up for > than 1 seconds (startsecs)
2018-11-30 05:44:12,681 INFO success: MailHog entered RUNNING state, process has stayed up for > than 1 seconds (startsecs)
2018-11-30 05:44:12,682 INFO success: mysql entered RUNNING state, process has stayed up for > than 1 seconds (startsecs)
2018-11-30 05:44:12,682 INFO success: varnish-themes-watcher entered RUNNING state, process has stayed up for > than 1 seconds (startsecs)
2018-11-30 12:31:26,418 CRIT Supervisor running as root (no user in config file)
2018-11-30 12:31:26,420 INFO Included extra file "/etc/supervisor/conf.d/supervisord.conf" during parsing
2018-11-30 12:31:26,776 INFO RPC interface 'supervisor' initialized
2018-11-30 12:31:26,802 CRIT Server 'unix_http_server' running without any HTTP authentication checking
2018-11-30 12:31:26,803 INFO supervisord started with pid 1
2018-11-30 12:31:27,807 INFO spawned: 'varnishd' with pid 54
2018-11-30 12:31:27,815 INFO spawned: 'php-fpm' with pid 55
2018-11-30 12:31:27,819 INFO spawned: 'varnish-plugins-watcher' with pid 56
2018-11-30 12:31:27,827 INFO spawned: 'nginx' with pid 57
2018-11-30 12:31:27,839 INFO spawned: 'MailHog' with pid 59
2018-11-30 12:31:27,852 INFO spawned: 'mysql' with pid 60
2018-11-30 12:31:27,876 INFO spawned: 'varnish-themes-watcher' with pid 62
2018-11-30 12:31:29,103 INFO success: varnishd entered RUNNING state, process has stayed up for > than 1 seconds (startsecs)
2018-11-30 12:31:29,104 INFO success: php-fpm entered RUNNING state, process has stayed up for > than 1 seconds (startsecs)
2018-11-30 12:31:29,104 INFO success: varnish-plugins-watcher entered RUNNING state, process has stayed up for > than 1 seconds (startsecs)
2018-11-30 12:31:29,105 INFO success: nginx entered RUNNING state, process has stayed up for > than 1 seconds (startsecs)
2018-11-30 12:31:29,106 INFO success: MailHog entered RUNNING state, process has stayed up for > than 1 seconds (startsecs)
2018-11-30 12:31:29,107 INFO success: mysql entered RUNNING state, process has stayed up for > than 1 seconds (startsecs)
2018-11-30 12:31:29,108 INFO success: varnish-themes-watcher entered RUNNING state, process has stayed up for > than 1 seconds (startsecs)
2018-12-03 19:14:39,035 CRIT Supervisor running as root (no user in config file)
2018-12-03 19:14:39,037 INFO Included extra file "/etc/supervisor/conf.d/supervisord.conf" during parsing
2018-12-03 19:14:39,395 INFO RPC interface 'supervisor' initialized
2018-12-03 19:14:39,396 CRIT Server 'unix_http_server' running without any HTTP authentication checking
2018-12-03 19:14:39,397 INFO supervisord started with pid 1
2018-12-03 19:14:40,402 INFO spawned: 'varnishd' with pid 38
2018-12-03 19:14:40,413 INFO spawned: 'php-fpm' with pid 39
2018-12-03 19:14:40,421 INFO spawned: 'varnish-plugins-watcher' with pid 40
2018-12-03 19:14:40,451 INFO spawned: 'nginx' with pid 41
2018-12-03 19:14:40,466 INFO spawned: 'MailHog' with pid 42
2018-12-03 19:14:40,479 INFO spawned: 'mysql' with pid 43
2018-12-03 19:14:40,519 INFO spawned: 'varnish-themes-watcher' with pid 44
2018-12-03 19:14:42,102 INFO success: varnishd entered RUNNING state, process has stayed up for > than 1 seconds (startsecs)
2018-12-03 19:14:42,103 INFO success: php-fpm entered RUNNING state, process has stayed up for > than 1 seconds (startsecs)
2018-12-03 19:14:42,104 INFO success: varnish-plugins-watcher entered RUNNING state, process has stayed up for > than 1 seconds (startsecs)
2018-12-03 19:14:42,104 INFO success: nginx entered RUNNING state, process has stayed up for > than 1 seconds (startsecs)
2018-12-03 19:14:42,105 INFO success: MailHog entered RUNNING state, process has stayed up for > than 1 seconds (startsecs)
2018-12-03 19:14:42,114 INFO success: mysql entered RUNNING state, process has stayed up for > than 1 seconds (startsecs)
2018-12-03 19:14:42,122 INFO success: varnish-themes-watcher entered RUNNING state, process has stayed up for > than 1 seconds (startsecs)
2018-12-03 19:35:02,125 WARN received SIGTERM indicating exit request
2018-12-03 19:35:02,126 INFO waiting for varnishd, php-fpm, varnish-plugins-watcher, nginx, MailHog, mysql, varnish-themes-watcher to die
2018-12-03 19:35:03,127 INFO stopped: varnish-themes-watcher (terminated by SIGTERM)
2018-12-03 19:35:03,173 INFO stopped: mysql (exit status 0)
2018-12-03 19:35:03,175 INFO stopped: MailHog (terminated by SIGTERM)
2018-12-03 19:35:03,184 INFO stopped: nginx (exit status 0)
2018-12-03 19:35:04,189 INFO stopped: varnish-plugins-watcher (terminated by SIGTERM)
2018-12-03 19:35:04,214 INFO stopped: php-fpm (exit status 0)
2018-12-03 19:35:04,364 INFO reaped unknown pid 73
2018-12-03 19:35:05,222 INFO waiting for varnishd to die
2018-12-03 19:35:05,428 INFO stopped: varnishd (exit status 0)
2018-12-05 06:45:59,802 CRIT Supervisor running as root (no user in config file)
2018-12-05 06:45:59,803 INFO Included extra file "/etc/supervisor/conf.d/supervisord.conf" during parsing
2018-12-05 06:45:59,849 INFO RPC interface 'supervisor' initialized
2018-12-05 06:45:59,850 CRIT Server 'unix_http_server' running without any HTTP authentication checking
2018-12-05 06:45:59,850 INFO supervisord started with pid 1
2018-12-05 06:46:00,863 INFO spawned: 'varnishd' with pid 40
2018-12-05 06:46:00,895 INFO spawned: 'php-fpm' with pid 41
2018-12-05 06:46:00,913 INFO spawned: 'varnish-plugins-watcher' with pid 42
2018-12-05 06:46:00,967 INFO spawned: 'nginx' with pid 43
2018-12-05 06:46:01,034 INFO spawned: 'MailHog' with pid 44
2018-12-05 06:46:01,094 INFO spawned: 'mysql' with pid 45
2018-12-05 06:46:01,119 INFO spawned: 'varnish-themes-watcher' with pid 48
2018-12-05 06:46:02,479 INFO success: varnishd entered RUNNING state, process has stayed up for > than 1 seconds (startsecs)
2018-12-05 06:46:02,487 INFO success: php-fpm entered RUNNING state, process has stayed up for > than 1 seconds (startsecs)
2018-12-05 06:46:02,488 INFO success: varnish-plugins-watcher entered RUNNING state, process has stayed up for > than 1 seconds (startsecs)
2018-12-05 06:46:02,489 INFO success: nginx entered RUNNING state, process has stayed up for > than 1 seconds (startsecs)
2018-12-05 06:46:02,490 INFO success: MailHog entered RUNNING state, process has stayed up for > than 1 seconds (startsecs)
2018-12-05 06:46:02,491 INFO success: mysql entered RUNNING state, process has stayed up for > than 1 seconds (startsecs)
2018-12-05 06:46:02,492 INFO success: varnish-themes-watcher entered RUNNING state, process has stayed up for > than 1 seconds (startsecs)
2018-12-05 06:49:33,798 WARN received SIGTERM indicating exit request
2018-12-05 06:49:33,801 INFO waiting for varnishd, php-fpm, varnish-plugins-watcher, nginx, MailHog, mysql, varnish-themes-watcher to die
2018-12-05 06:49:34,811 INFO stopped: varnish-themes-watcher (terminated by SIGTERM)
2018-12-05 06:49:34,832 INFO stopped: mysql (exit status 0)
2018-12-05 06:49:34,834 INFO stopped: MailHog (terminated by SIGTERM)
2018-12-05 06:49:34,840 INFO stopped: nginx (exit status 0)
2018-12-05 06:49:35,843 INFO stopped: varnish-plugins-watcher (terminated by SIGTERM)
2018-12-05 06:49:35,863 INFO stopped: php-fpm (exit status 0)
2018-12-05 06:49:36,318 INFO reaped unknown pid 523
2018-12-05 06:49:36,481 INFO reaped unknown pid 525
2018-12-05 06:49:36,499 INFO reaped unknown pid 62
2018-12-05 06:49:36,876 INFO waiting for varnishd to die
2018-12-05 06:49:36,989 INFO stopped: varnishd (exit status 0)
